app/build/outputs/logs/manifest-merger-debug-report.txt
-- Merging decision tree log ---
manifest
ADDED from src/main/AndroidManifest.xml:2:1-52:12
	xmlns:android
		ADDED from src/main/AndroidManifest.xml:2:11-69
	package
		ADDED from src/main/AndroidManifest.xml:3:5-32
		INJECTED from src/main/AndroidManifest.xml
		INJECTED from src/main/AndroidManifest.xml
	android:versionName
		INJECTED from src/main/AndroidManifest.xml
		INJECTED from src/main/AndroidManifest.xml
	android:versionCode
		INJECTED from src/main/AndroidManifest.xml
		INJECTED from src/main/AndroidManifest.xml
uses-permission#android.permission.RECEIVE_SMS
ADDED from src/main/AndroidManifest.xml:5:5-70
	android:name
		ADDED from src/main/AndroidManifest.xml:5:22-67
uses-permission#android.permission.READ_SMS
ADDED from src/main/AndroidManifest.xml:6:5-67
	android:name
		ADDED from src/main/AndroidManifest.xml:6:22-64
uses-permission#android.permission.INTERNET
ADDED from src/main/AndroidManifest.xml:7:5-66
	android:name
		ADDED from src/main/AndroidManifest.xml:7:22-64
uses-permission#android.permission.READ_EXTERNAL_STORAGE
ADDED from src/main/AndroidManifest.xml:8:5-79
	android:name
		ADDED from src/main/AndroidManifest.xml:8:22-77
application
ADDED from src/main/AndroidManifest.xml:11:5-50:19
MERGED from [com.android.support:appcompat-v7:23.0.1] AndroidManifest.xml:22:5-20
MERGED from [com.android.support:support-v4:23.0.1] AndroidManifest.xml:22:5-20
	android:label
		ADDED from src/main/AndroidManifest.xml:14:9-41
	android:allowBackup
		ADDED from src/main/AndroidManifest.xml:12:9-35
	android:icon
		ADDED from src/main/AndroidManifest.xml:13:9-43
	android:theme
		ADDED from src/main/AndroidManifest.xml:15:9-40
activity#karan.findmyphone.MainActivity
ADDED from src/main/AndroidManifest.xml:16:9-24:20
	android:label
		ADDED from src/main/AndroidManifest.xml:18:13-45
	android:name
		ADDED from src/main/AndroidManifest.xml:17:13-41
intent-filter#android.intent.action.MAIN+android.intent.category.LAUNCHER
ADDED from src/main/AndroidManifest.xml:19:13-23:29
action#android.intent.action.MAIN
ADDED from src/main/AndroidManifest.xml:20:17-69
	android:name
		ADDED from src/main/AndroidManifest.xml:20:25-66
category#android.intent.category.LAUNCHER
ADDED from src/main/AndroidManifest.xml:22:17-77
	android:name
		ADDED from src/main/AndroidManifest.xml:22:27-74
receiver#karan.findmyphone.IncomingSms
ADDED from src/main/AndroidManifest.xml:26:9-36:20
	android:exported
		ADDED from src/main/AndroidManifest.xml:29:13-36
	android:enabled
		ADDED from src/main/AndroidManifest.xml:28:13-35
	android:name
		ADDED from src/main/AndroidManifest.xml:27:13-40
intent-filter#android.provider.Telephony.SMS_RECEIVED+my.action.string
ADDED from src/main/AndroidManifest.xml:31:13-35:29
action#android.provider.Telephony.SMS_RECEIVED
ADDED from src/main/AndroidManifest.xml:33:17-82
	android:name
		ADDED from src/main/AndroidManifest.xml:33:25-79
action#my.action.string
ADDED from src/main/AndroidManifest.xml:34:17-58
	android:name
		ADDED from src/main/AndroidManifest.xml:34:25-56
activity#karan.findmyphone.popup2
ADDED from src/main/AndroidManifest.xml:38:9-43:86
	android:label
		ADDED from src/main/AndroidManifest.xml:41:13-58
	android:icon
		ADDED from src/main/AndroidManifest.xml:40:13-59
	android:theme
		ADDED from src/main/AndroidManifest.xml:43:13-83
	android:name
		ADDED from src/main/AndroidManifest.xml:39:13-35
	android:logo
		ADDED from src/main/AndroidManifest.xml:42:13-59
activity#karan.findmyphone.PopUp
ADDED from src/main/AndroidManifest.xml:45:9-49:20
	android:label
		ADDED from src/main/AndroidManifest.xml:47:13-58
	android:theme
		ADDED from src/main/AndroidManifest.xml:48:13-83
	android:name
		ADDED from src/main/AndroidManifest.xml:46:13-34
uses-sdk
INJECTED from src/main/AndroidManifest.xml reason: use-sdk injection requested
MERGED from [com.android.support:appcompat-v7:23.0.1] AndroidManifest.xml:20:5-43
MERGED from [com.android.support:support-v4:23.0.1] AndroidManifest.xml:20:5-43
	android:targetSdkVersion
		INJECTED from src/main/AndroidManifest.xml
		INJECTED from src/main/AndroidManifest.xml
	android:minSdkVersion
		INJECTED from src/main/AndroidManifest.xml
		INJECTED from src/main/AndroidManifest.xml